2021-04-12 16:50:57.317 [main] INFO . - user input: D:\MyProgram\devecostudio-windows-tool\tools\openjdk\bin\java,-j,-source,@D:/Code/DevEcoStudioProjects/HelloWorld/.idea/code-check/java/detect.txt,-output,D:/Code/DevEcoStudioProjects/HelloWorld/.idea/code-check/java/output.xml
2021-04-12 16:50:57.320 [main] INFO . - CodeMars Version:2.1.2.sp4
2021-04-12 16:50:57.383 [main] INFO . - starting analyzing.
2021-04-12 16:50:57.393 [main] INFO . - start collecting report.
2021-04-12 16:50:57.397 [CodeMars1] INFO . - Command: "D:\MyProgram\devecostudio-windows-tool\plugins\codecheck\lib\CodeMars\engines\SecFinder-J\bin\run_SecFinder-J.bat",-filelist,D:\Code\DevEcoStudioProjects\HelloWorld\.idea\code-check\java\filelist_2021_04_12_16_50_57_394_33.txt,-f,xml,-default,-progress,-r,D:\Code\DevEcoStudioProjects\HelloWorld\.idea\code-check\java\\errorreport_2021_04_12_16_50_57_110_94.xml,-ruleclasspath,file:///D:\Code\DevEcoStudioProjects\HelloWorld\.idea\code-check\java\ruleclasspath.txt
2021-04-12 16:50:57.555 [Thread-2] INFO . - 四月 12, 2021 4:50:57 下午 com.huawei.secfinderj.SecFinderJ needScan
2021-04-12 16:50:57.555 [Thread-2] INFO . - 信息: SecFinder-J Version: 2.1.3
2021-04-12 16:50:57.658 [Thread-1] INFO . - 2021-04-12 16:50:57.603: SecFinder-J Output: Inspect start...
2021-04-12 16:50:57.721 [Thread-1] INFO . - 2021-04-12 16:50:57.721: SecFinder-J Output: Load checkers...
2021-04-12 16:50:57.878 [Thread-1] INFO . - 2021-04-12 16:50:57.878: SecFinder-J Output: Load config...
2021-04-12 16:50:57.921 [Thread-1] INFO . - 2021-04-12 16:50:57.921: SecFinder-J Output: step 1/4: Find files
2021-04-12 16:50:57.954 [Thread-1] INFO . - 2021-04-12 16:50:57.954: SecFinder-J Output: step 2/4: Process files
2021-04-12 16:50:58.006 [Thread-1] INFO . - 2021-04-12 16:50:58.006: SecFinder-J Output: step 3/4: Run analysis...
2021-04-12 16:50:58.008 [Thread-1] INFO . - 2021-04-12 16:50:58.007: SecFinder-J Output: [SecFinder-J--Thread--1] - during processing of [MainAbilitySlice.java]
2021-04-12 16:50:58.422 [Thread-1] INFO . - 2021-04-12 16:50:58.422: SecFinder-J Output: step 4/4: Result output...
2021-04-12 16:50:58.423 [Thread-1] INFO . - 2021-04-12 16:50:58.422: SecFinder-J Output: Inspect finish...
2021-04-12 16:50:58.423 [Thread-1] INFO . - Analysis result:
2021-04-12 16:50:58.423 [Thread-1] INFO . -     files analyzed      : 1
2021-04-12 16:50:58.423 [Thread-1] INFO . -     lines analyzed      : 44
2021-04-12 16:50:58.423 [Thread-1] INFO . -     rules used          : 59
2021-04-12 16:50:58.423 [Thread-1] INFO . -     issues detected     : 0
2021-04-12 16:50:58.423 [Thread-1] INFO . -     time cost(sec)      : 0
2021-04-12 16:50:58.423 [Thread-1] INFO . - 
2021-04-12 16:50:58.423 [Thread-2] INFO . - 四月 12, 2021 4:50:58 下午 com.huawei.secfinderj.override.HwPmd end
2021-04-12 16:50:58.423 [Thread-2] INFO . - 信息: SecFinder-J run successed!
2021-04-12 16:50:58.491 [CodeMars1] INFO . - start parse errorreport xml
2021-04-12 16:50:58.493 [CodeMars1] INFO . - parse xml time : 3
2021-04-12 16:50:58.493 [CodeMars1] INFO . - end parse errorreport xml
2021-04-12 16:50:58.495 [main] INFO . - end collecting report.
2021-04-12 16:50:58.495 [main] INFO . - end analyzing.
